<?xml version="1.0" encoding="UTF-8"?>
<robot generator="Robot 6.1.1 (Python 3.9.13 on win32)" generated="20240116 01:07:23.094" rpa="false" schemaversion="4">
<suite id="s1" name="Draganddrop" source="C:\Users\Okan\PycharmProjects\deneme\RobotFramework\Automation\draganddrop.robot">
<test id="s1-t1" name="draganddrop" line="5">
<kw name="Open Browser" library="SeleniumLibrary">
<arg>https://testautomationpractice.blogspot.com/</arg>
<arg>edge</arg>
<doc>Opens a new browser instance to the optional ``url``.</doc>
<msg timestamp="20240116 01:07:23.285" level="INFO">Opening browser 'edge' to base url 'https://testautomationpractice.blogspot.com/'.</msg>
<status status="PASS" starttime="20240116 01:07:23.285" endtime="20240116 01:07:29.375"/>
</kw>
<kw name="Maximize Browser Window" library="SeleniumLibrary">
<doc>Maximizes current browser window.</doc>
<status status="PASS" starttime="20240116 01:07:29.375" endtime="20240116 01:07:29.491"/>
</kw>
<kw name="Execute Javascript" library="SeleniumLibrary">
<arg>window.scrollTo(0,500)</arg>
<doc>Executes the given JavaScript code with possible arguments.</doc>
<msg timestamp="20240116 01:07:29.492" level="INFO">Executing JavaScript:
window.scrollTo(0,500)
Without any arguments.</msg>
<status status="PASS" starttime="20240116 01:07:29.492" endtime="20240116 01:07:29.499"/>
</kw>
<kw name="Drag And Drop" library="SeleniumLibrary">
<arg>xpath://div[@id='draggable']</arg>
<arg>xpath://div[@id='droppable']</arg>
<doc>Drags the element identified by ``locator`` into the ``target`` element.</doc>
<status status="PASS" starttime="20240116 01:07:29.499" endtime="20240116 01:07:30.060"/>
</kw>
<kw name="Sleep" library="BuiltIn">
<arg>2</arg>
<doc>Pauses the test executed for the given time.</doc>
<msg timestamp="20240116 01:07:32.075" level="INFO">Slept 2 seconds</msg>
<status status="PASS" starttime="20240116 01:07:30.060" endtime="20240116 01:07:32.075"/>
</kw>
<kw name="Close Browser" library="SeleniumLibrary">
<doc>Closes the current browser.</doc>
<status status="PASS" starttime="20240116 01:07:32.075" endtime="20240116 01:07:34.286"/>
</kw>
<status status="PASS" starttime="20240116 01:07:23.284" endtime="20240116 01:07:34.286"/>
</test>
<status status="PASS" starttime="20240116 01:07:23.096" endtime="20240116 01:07:34.287"/>
</suite>
<statistics>
<total>
<stat pass="1" fail="0" skip="0">All Tests</stat>
</total>
<tag>
</tag>
<suite>
<stat pass="1" fail="0" skip="0" id="s1" name="Draganddrop">Draganddrop</stat>
</suite>
</statistics>
<errors>
</errors>
</robot>
