<?xml version="1.0" encoding="UTF-8"?>
<robot generator="Robot 6.1.1 (Python 3.9.13 on win32)" generated="20240121 23:57:08.299" rpa="false" schemaversion="4">
<suite id="s1" name="DDT1" source="C:\Users\Okan\PycharmProjects\deneme\RobotFramework\Resources\DDT1.robot">
<kw name="Opening my browser" library="Resources" type="SETUP">
<kw name="Open Browser" library="SeleniumLibrary">
<arg>${URL}</arg>
<arg>${BROWSER}</arg>
<doc>Opens a new browser instance to the optional ``url``.</doc>
<msg timestamp="20240121 23:57:08.481" level="INFO">Opening browser 'edge' to base url 'https://admin-demo.nopcommerce.com/'.</msg>
<status status="PASS" starttime="20240121 23:57:08.481" endtime="20240121 23:57:14.120"/>
</kw>
<kw name="Maximize Browser Window" library="SeleniumLibrary">
<doc>Maximizes current browser window.</doc>
<status status="PASS" starttime="20240121 23:57:14.120" endtime="20240121 23:57:14.250"/>
</kw>
<status status="PASS" starttime="20240121 23:57:08.480" endtime="20240121 23:57:14.250"/>
</kw>
<test id="s1-t1" name="right user wrong pwd" line="9">
<kw name="Invalid login">
<arg>admin@yourstore.com</arg>
<arg>xyz</arg>
<kw name="inputing Username" library="Resources">
<arg>${username}</arg>
<kw name="Input Text" library="SeleniumLibrary">
<arg>id:Email</arg>
<arg>${username}</arg>
<doc>Types the given ``text`` into the text field identified by ``locator``.</doc>
<msg timestamp="20240121 23:57:14.252" level="INFO">Typing text 'admin@yourstore.com' into text field 'id:Email'.</msg>
<status status="PASS" starttime="20240121 23:57:14.252" endtime="20240121 23:57:14.378"/>
</kw>
<status status="PASS" starttime="20240121 23:57:14.252" endtime="20240121 23:57:14.378"/>
</kw>
<kw name="inputing password" library="Resources">
<arg>${password}</arg>
<kw name="Input Text" library="SeleniumLibrary">
<arg>id:Password</arg>
<arg>${password}</arg>
<doc>Types the given ``text`` into the text field identified by ``locator``.</doc>
<msg timestamp="20240121 23:57:14.378" level="INFO">Typing text 'xyz' into text field 'id:Password'.</msg>
<status status="PASS" starttime="20240121 23:57:14.378" endtime="20240121 23:57:14.474"/>
</kw>
<status status="PASS" starttime="20240121 23:57:14.378" endtime="20240121 23:57:14.474"/>
</kw>
<kw name="click login button" library="Resources">
<kw name="Click Element" library="SeleniumLibrary">
<arg>xpath://button[normalize-space()='Log in']</arg>
<doc>Click the element identified by ``locator``.</doc>
<msg timestamp="20240121 23:57:14.475" level="INFO">Clicking element 'xpath://button[normalize-space()='Log in']'.</msg>
<status status="PASS" starttime="20240121 23:57:14.474" endtime="20240121 23:57:14.829"/>
</kw>
<status status="PASS" starttime="20240121 23:57:14.474" endtime="20240121 23:57:14.829"/>
</kw>
<kw name="Error message should be visible" library="Resources">
<kw name="Page Should Contain" library="SeleniumLibrary">
<arg>Login was unsuccessful.</arg>
<doc>Verifies that current page contains ``text``.</doc>
<msg timestamp="20240121 23:57:14.841" level="INFO">Current page contains text 'Login was unsuccessful.'.</msg>
<status status="PASS" starttime="20240121 23:57:14.830" endtime="20240121 23:57:14.841"/>
</kw>
<status status="PASS" starttime="20240121 23:57:14.829" endtime="20240121 23:57:14.841"/>
</kw>
<status status="PASS" starttime="20240121 23:57:14.251" endtime="20240121 23:57:14.841"/>
</kw>
<status status="PASS" starttime="20240121 23:57:14.250" endtime="20240121 23:57:14.841"/>
</test>
<test id="s1-t2" name="wrong user right pwd" line="10">
<kw name="Invalid login">
<arg>adm@yourstore.com</arg>
<arg>admin</arg>
<kw name="inputing Username" library="Resources">
<arg>${username}</arg>
<kw name="Input Text" library="SeleniumLibrary">
<arg>id:Email</arg>
<arg>${username}</arg>
<doc>Types the given ``text`` into the text field identified by ``locator``.</doc>
<msg timestamp="20240121 23:57:14.843" level="INFO">Typing text 'adm@yourstore.com' into text field 'id:Email'.</msg>
<status status="PASS" starttime="20240121 23:57:14.843" endtime="20240121 23:57:14.901"/>
</kw>
<status status="PASS" starttime="20240121 23:57:14.843" endtime="20240121 23:57:14.901"/>
</kw>
<kw name="inputing password" library="Resources">
<arg>${password}</arg>
<kw name="Input Text" library="SeleniumLibrary">
<arg>id:Password</arg>
<arg>${password}</arg>
<doc>Types the given ``text`` into the text field identified by ``locator``.</doc>
<msg timestamp="20240121 23:57:14.902" level="INFO">Typing text 'admin' into text field 'id:Password'.</msg>
<status status="PASS" starttime="20240121 23:57:14.902" endtime="20240121 23:57:14.954"/>
</kw>
<status status="PASS" starttime="20240121 23:57:14.901" endtime="20240121 23:57:14.954"/>
</kw>
<kw name="click login button" library="Resources">
<kw name="Click Element" library="SeleniumLibrary">
<arg>xpath://button[normalize-space()='Log in']</arg>
<doc>Click the element identified by ``locator``.</doc>
<msg timestamp="20240121 23:57:14.954" level="INFO">Clicking element 'xpath://button[normalize-space()='Log in']'.</msg>
<status status="PASS" starttime="20240121 23:57:14.954" endtime="20240121 23:57:15.251"/>
</kw>
<status status="PASS" starttime="20240121 23:57:14.954" endtime="20240121 23:57:15.251"/>
</kw>
<kw name="Error message should be visible" library="Resources">
<kw name="Page Should Contain" library="SeleniumLibrary">
<arg>Login was unsuccessful.</arg>
<doc>Verifies that current page contains ``text``.</doc>
<msg timestamp="20240121 23:57:15.267" level="INFO">Current page contains text 'Login was unsuccessful.'.</msg>
<status status="PASS" starttime="20240121 23:57:15.252" endtime="20240121 23:57:15.267"/>
</kw>
<status status="PASS" starttime="20240121 23:57:15.252" endtime="20240121 23:57:15.267"/>
</kw>
<status status="PASS" starttime="20240121 23:57:14.842" endtime="20240121 23:57:15.267"/>
</kw>
<status status="PASS" starttime="20240121 23:57:14.842" endtime="20240121 23:57:15.268"/>
</test>
<test id="s1-t3" name="right user empty pwd" line="11">
<kw name="Invalid login">
<arg>admin@yourstore.com</arg>
<arg>${EMPTY}</arg>
<kw name="inputing Username" library="Resources">
<arg>${username}</arg>
<kw name="Input Text" library="SeleniumLibrary">
<arg>id:Email</arg>
<arg>${username}</arg>
<doc>Types the given ``text`` into the text field identified by ``locator``.</doc>
<msg timestamp="20240121 23:57:15.270" level="INFO">Typing text 'admin@yourstore.com' into text field 'id:Email'.</msg>
<status status="PASS" starttime="20240121 23:57:15.270" endtime="20240121 23:57:15.340"/>
</kw>
<status status="PASS" starttime="20240121 23:57:15.269" endtime="20240121 23:57:15.340"/>
</kw>
<kw name="inputing password" library="Resources">
<arg>${password}</arg>
<kw name="Input Text" library="SeleniumLibrary">
<arg>id:Password</arg>
<arg>${password}</arg>
<doc>Types the given ``text`` into the text field identified by ``locator``.</doc>
<msg timestamp="20240121 23:57:15.341" level="INFO">Typing text '' into text field 'id:Password'.</msg>
<status status="PASS" starttime="20240121 23:57:15.341" endtime="20240121 23:57:15.393"/>
</kw>
<status status="PASS" starttime="20240121 23:57:15.341" endtime="20240121 23:57:15.393"/>
</kw>
<kw name="click login button" library="Resources">
<kw name="Click Element" library="SeleniumLibrary">
<arg>xpath://button[normalize-space()='Log in']</arg>
<doc>Click the element identified by ``locator``.</doc>
<msg timestamp="20240121 23:57:15.394" level="INFO">Clicking element 'xpath://button[normalize-space()='Log in']'.</msg>
<status status="PASS" starttime="20240121 23:57:15.394" endtime="20240121 23:57:15.698"/>
</kw>
<status status="PASS" starttime="20240121 23:57:15.393" endtime="20240121 23:57:15.698"/>
</kw>
<kw name="Error message should be visible" library="Resources">
<kw name="Page Should Contain" library="SeleniumLibrary">
<arg>Login was unsuccessful.</arg>
<doc>Verifies that current page contains ``text``.</doc>
<msg timestamp="20240121 23:57:15.710" level="INFO">Current page contains text 'Login was unsuccessful.'.</msg>
<status status="PASS" starttime="20240121 23:57:15.699" endtime="20240121 23:57:15.711"/>
</kw>
<status status="PASS" starttime="20240121 23:57:15.698" endtime="20240121 23:57:15.711"/>
</kw>
<status status="PASS" starttime="20240121 23:57:15.269" endtime="20240121 23:57:15.711"/>
</kw>
<status status="PASS" starttime="20240121 23:57:15.269" endtime="20240121 23:57:15.711"/>
</test>
<test id="s1-t4" name="empty user right pwd" line="12">
<kw name="Invalid login">
<arg>${EMPTY}</arg>
<arg>admin</arg>
<kw name="inputing Username" library="Resources">
<arg>${username}</arg>
<kw name="Input Text" library="SeleniumLibrary">
<arg>id:Email</arg>
<arg>${username}</arg>
<doc>Types the given ``text`` into the text field identified by ``locator``.</doc>
<msg timestamp="20240121 23:57:15.713" level="INFO">Typing text '' into text field 'id:Email'.</msg>
<status status="PASS" starttime="20240121 23:57:15.713" endtime="20240121 23:57:15.760"/>
</kw>
<status status="PASS" starttime="20240121 23:57:15.712" endtime="20240121 23:57:15.760"/>
</kw>
<kw name="inputing password" library="Resources">
<arg>${password}</arg>
<kw name="Input Text" library="SeleniumLibrary">
<arg>id:Password</arg>
<arg>${password}</arg>
<doc>Types the given ``text`` into the text field identified by ``locator``.</doc>
<msg timestamp="20240121 23:57:15.761" level="INFO">Typing text 'admin' into text field 'id:Password'.</msg>
<status status="PASS" starttime="20240121 23:57:15.761" endtime="20240121 23:57:15.812"/>
</kw>
<status status="PASS" starttime="20240121 23:57:15.761" endtime="20240121 23:57:15.813"/>
</kw>
<kw name="click login button" library="Resources">
<kw name="Click Element" library="SeleniumLibrary">
<arg>xpath://button[normalize-space()='Log in']</arg>
<doc>Click the element identified by ``locator``.</doc>
<msg timestamp="20240121 23:57:15.813" level="INFO">Clicking element 'xpath://button[normalize-space()='Log in']'.</msg>
<status status="PASS" starttime="20240121 23:57:15.813" endtime="20240121 23:57:15.842"/>
</kw>
<status status="PASS" starttime="20240121 23:57:15.813" endtime="20240121 23:57:15.842"/>
</kw>
<kw name="Error message should be visible" library="Resources">
<kw name="Page Should Contain" library="SeleniumLibrary">
<arg>Login was unsuccessful.</arg>
<doc>Verifies that current page contains ``text``.</doc>
<msg timestamp="20240121 23:57:15.850" level="INFO">Current page contains text 'Login was unsuccessful.'.</msg>
<status status="PASS" starttime="20240121 23:57:15.842" endtime="20240121 23:57:15.850"/>
</kw>
<status status="PASS" starttime="20240121 23:57:15.842" endtime="20240121 23:57:15.850"/>
</kw>
<status status="PASS" starttime="20240121 23:57:15.712" endtime="20240121 23:57:15.850"/>
</kw>
<status status="PASS" starttime="20240121 23:57:15.712" endtime="20240121 23:57:15.850"/>
</test>
<test id="s1-t5" name="wrong user wrong pwd" line="13">
<kw name="Invalid login">
<arg>adm@yourstore.com</arg>
<arg>xyz</arg>
<kw name="inputing Username" library="Resources">
<arg>${username}</arg>
<kw name="Input Text" library="SeleniumLibrary">
<arg>id:Email</arg>
<arg>${username}</arg>
<doc>Types the given ``text`` into the text field identified by ``locator``.</doc>
<msg timestamp="20240121 23:57:15.852" level="INFO">Typing text 'adm@yourstore.com' into text field 'id:Email'.</msg>
<status status="PASS" starttime="20240121 23:57:15.852" endtime="20240121 23:57:15.915"/>
</kw>
<status status="PASS" starttime="20240121 23:57:15.851" endtime="20240121 23:57:15.915"/>
</kw>
<kw name="inputing password" library="Resources">
<arg>${password}</arg>
<kw name="Input Text" library="SeleniumLibrary">
<arg>id:Password</arg>
<arg>${password}</arg>
<doc>Types the given ``text`` into the text field identified by ``locator``.</doc>
<msg timestamp="20240121 23:57:15.916" level="INFO">Typing text 'xyz' into text field 'id:Password'.</msg>
<status status="PASS" starttime="20240121 23:57:15.915" endtime="20240121 23:57:15.968"/>
</kw>
<status status="PASS" starttime="20240121 23:57:15.915" endtime="20240121 23:57:15.968"/>
</kw>
<kw name="click login button" library="Resources">
<kw name="Click Element" library="SeleniumLibrary">
<arg>xpath://button[normalize-space()='Log in']</arg>
<doc>Click the element identified by ``locator``.</doc>
<msg timestamp="20240121 23:57:15.969" level="INFO">Clicking element 'xpath://button[normalize-space()='Log in']'.</msg>
<status status="PASS" starttime="20240121 23:57:15.969" endtime="20240121 23:57:16.258"/>
</kw>
<status status="PASS" starttime="20240121 23:57:15.968" endtime="20240121 23:57:16.258"/>
</kw>
<kw name="Error message should be visible" library="Resources">
<kw name="Page Should Contain" library="SeleniumLibrary">
<arg>Login was unsuccessful.</arg>
<doc>Verifies that current page contains ``text``.</doc>
<msg timestamp="20240121 23:57:16.269" level="INFO">Current page contains text 'Login was unsuccessful.'.</msg>
<status status="PASS" starttime="20240121 23:57:16.259" endtime="20240121 23:57:16.269"/>
</kw>
<status status="PASS" starttime="20240121 23:57:16.259" endtime="20240121 23:57:16.269"/>
</kw>
<status status="PASS" starttime="20240121 23:57:15.851" endtime="20240121 23:57:16.269"/>
</kw>
<status status="PASS" starttime="20240121 23:57:15.851" endtime="20240121 23:57:16.270"/>
</test>
<kw name="Closing my browsers" library="Resources" type="TEARDOWN">
<kw name="Close All Browsers" library="SeleniumLibrary">
<doc>Closes all open browsers and resets the browser cache.</doc>
<status status="PASS" starttime="20240121 23:57:16.271" endtime="20240121 23:57:22.471"/>
</kw>
<status status="PASS" starttime="20240121 23:57:16.271" endtime="20240121 23:57:22.471"/>
</kw>
<status status="PASS" starttime="20240121 23:57:08.301" endtime="20240121 23:57:22.471"/>
</suite>
<statistics>
<total>
<stat pass="5" fail="0" skip="0">All Tests</stat>
</total>
<tag>
</tag>
<suite>
<stat pass="5" fail="0" skip="0" id="s1" name="DDT1">DDT1</stat>
</suite>
</statistics>
<errors>
</errors>
</robot>
