<?xml version="1.0" encoding="UTF-8"?>
<robot generator="Robot 6.1.1 (Python 3.9.13 on win32)" generated="20240111 02:56:09.229" rpa="false" schemaversion="4">
<suite id="s1" name="Alert" source="C:\Users\Okan\PycharmProjects\deneme\RobotFramework\Automation\alert.robot">
<test id="s1-t1" name="alertwindow" line="5">
<kw name="Open Browser" library="SeleniumLibrary">
<arg>https://testautomationpractice.blogspot.com/</arg>
<arg>Edge</arg>
<doc>Opens a new browser instance to the optional ``url``.</doc>
<msg timestamp="20240111 02:56:09.378" level="INFO">Opening browser 'Edge' to base url 'https://testautomationpractice.blogspot.com/'.</msg>
<status status="PASS" starttime="20240111 02:56:09.378" endtime="20240111 02:56:14.391"/>
</kw>
<kw name="Maximize Browser Window" library="SeleniumLibrary">
<doc>Maximizes current browser window.</doc>
<status status="PASS" starttime="20240111 02:56:14.392" endtime="20240111 02:56:14.521"/>
</kw>
<kw name="Click Button" library="SeleniumLibrary">
<arg>xpath://button[contains(text(),'Confirm Box')]</arg>
<doc>Clicks the button identified by ``locator``.</doc>
<msg timestamp="20240111 02:56:14.522" level="INFO">Clicking button 'xpath://button[contains(text(),'Confirm Box')]'.</msg>
<status status="PASS" starttime="20240111 02:56:14.522" endtime="20240111 02:56:14.601"/>
</kw>
<kw name="Sleep" library="BuiltIn">
<arg>2</arg>
<doc>Pauses the test executed for the given time.</doc>
<msg timestamp="20240111 02:56:16.604" level="INFO">Slept 2 seconds</msg>
<status status="PASS" starttime="20240111 02:56:14.601" endtime="20240111 02:56:16.604"/>
</kw>
<kw name="Handle Alert" library="SeleniumLibrary">
<arg>accept</arg>
<doc>Handles the current alert and returns its message.</doc>
<msg timestamp="20240111 02:56:16.604" level="INFO">HANDLE::&lt;class 'NoneType'&gt;::None</msg>
<status status="PASS" starttime="20240111 02:56:16.604" endtime="20240111 02:56:16.608"/>
</kw>
<kw name="Sleep" library="BuiltIn">
<arg>2</arg>
<doc>Pauses the test executed for the given time.</doc>
<msg timestamp="20240111 02:56:18.621" level="INFO">Slept 2 seconds</msg>
<status status="PASS" starttime="20240111 02:56:16.609" endtime="20240111 02:56:18.621"/>
</kw>
<status status="PASS" starttime="20240111 02:56:09.377" endtime="20240111 02:56:18.621"/>
</test>
<status status="PASS" starttime="20240111 02:56:09.230" endtime="20240111 02:56:18.625"/>
</suite>
<statistics>
<total>
<stat pass="1" fail="0" skip="0">All Tests</stat>
</total>
<tag>
</tag>
<suite>
<stat pass="1" fail="0" skip="0" id="s1" name="Alert">Alert</stat>
</suite>
</statistics>
<errors>
</errors>
</robot>
